{"/Users/lance/Documents/Lance/Rithm/Express/express-jobly/app.js": {"path":"/Users/lance/Documents/Lance/Rithm/Express/express-jobly/app.js","statementMap":{"0":{"start":{"line":5,"column":16},"end":{"line":5,"column":34}},"1":{"start":{"line":6,"column":13},"end":{"line":6,"column":28}},"2":{"start":{"line":8,"column":26},"end":{"line":8,"column":51}},"3":{"start":{"line":10,"column":28},"end":{"line":10,"column":56}},"4":{"start":{"line":11,"column":19},"end":{"line":11,"column":43}},"5":{"start":{"line":12,"column":24},"end":{"line":12,"column":53}},"6":{"start":{"line":13,"column":20},"end":{"line":13,"column":45}},"7":{"start":{"line":14,"column":18},"end":{"line":14,"column":42}},"8":{"start":{"line":15,"column":15},"end":{"line":15,"column":32}},"9":{"start":{"line":17,"column":12},"end":{"line":17,"column":21}},"10":{"start":{"line":19,"column":0},"end":{"line":19,"column":16}},"11":{"start":{"line":20,"column":0},"end":{"line":20,"column":24}},"12":{"start":{"line":21,"column":0},"end":{"line":21,"column":24}},"13":{"start":{"line":22,"column":0},"end":{"line":22,"column":25}},"14":{"start":{"line":24,"column":0},"end":{"line":24,"column":29}},"15":{"start":{"line":25,"column":0},"end":{"line":25,"column":39}},"16":{"start":{"line":26,"column":0},"end":{"line":26,"column":31}},"17":{"start":{"line":27,"column":0},"end":{"line":27,"column":28}},"18":{"start":{"line":30,"column":0},"end":{"line":32,"column":3}},"19":{"start":{"line":31,"column":2},"end":{"line":31,"column":35}},"20":{"start":{"line":35,"column":0},"end":{"line":43,"column":3}},"21":{"start":{"line":36,"column":2},"end":{"line":36,"column":64}},"22":{"start":{"line":36,"column":39},"end":{"line":36,"column":64}},"23":{"start":{"line":37,"column":17},"end":{"line":37,"column":34}},"24":{"start":{"line":38,"column":18},"end":{"line":38,"column":29}},"25":{"start":{"line":40,"column":2},"end":{"line":42,"column":5}},"26":{"start":{"line":45,"column":0},"end":{"line":45,"column":21}}},"fnMap":{"0":{"name":"(anonymous_0)","decl":{"start":{"line":30,"column":8},"end":{"line":30,"column":9}},"loc":{"start":{"line":30,"column":34},"end":{"line":32,"column":1}},"line":30},"1":{"name":"(anonymous_1)","decl":{"start":{"line":35,"column":8},"end":{"line":35,"column":9}},"loc":{"start":{"line":35,"column":39},"end":{"line":43,"column":1}},"line":35}},"branchMap":{"0":{"loc":{"start":{"line":36,"column":2},"end":{"line":36,"column":64}},"type":"if","locations":[{"start":{"line":36,"column":2},"end":{"line":36,"column":64}},{"start":{"line":36,"column":2},"end":{"line":36,"column":64}}],"line":36},"1":{"loc":{"start":{"line":37,"column":17},"end":{"line":37,"column":34}},"type":"binary-expr","locations":[{"start":{"line":37,"column":17},"end":{"line":37,"column":27}},{"start":{"line":37,"column":31},"end":{"line":37,"column":34}}],"line":37}},"s":{"0":4,"1":4,"2":4,"3":4,"4":4,"5":4,"6":4,"7":4,"8":4,"9":4,"10":4,"11":4,"12":4,"13":4,"14":4,"15":4,"16":4,"17":4,"18":4,"19":2,"20":4,"21":39,"22":1,"23":39,"24":39,"25":39,"26":4},"f":{"0":2,"1":39},"b":{"0":[1,38],"1":[39,2]},"_coverageSchema":"1a1c01bbd47fc00a2c39e90264f33305004495a9","hash":"ae058c307f8fa815e556683a940723e5de1ce0d0"}
,"/Users/lance/Documents/Lance/Rithm/Express/express-jobly/config.js": {"path":"/Users/lance/Documents/Lance/Rithm/Express/express-jobly/config.js","statementMap":{"0":{"start":{"line":5,"column":0},"end":{"line":5,"column":27}},"1":{"start":{"line":6,"column":0},"end":{"line":6,"column":18}},"2":{"start":{"line":8,"column":19},"end":{"line":8,"column":57}},"3":{"start":{"line":10,"column":13},"end":{"line":10,"column":38}},"4":{"start":{"line":14,"column":2},"end":{"line":16,"column":44}},"5":{"start":{"line":22,"column":27},"end":{"line":22,"column":67}},"6":{"start":{"line":24,"column":0},"end":{"line":24,"column":35}},"7":{"start":{"line":25,"column":0},"end":{"line":25,"column":46}},"8":{"start":{"line":26,"column":0},"end":{"line":26,"column":45}},"9":{"start":{"line":27,"column":0},"end":{"line":27,"column":61}},"10":{"start":{"line":28,"column":0},"end":{"line":28,"column":50}},"11":{"start":{"line":29,"column":0},"end":{"line":29,"column":19}},"12":{"start":{"line":31,"column":0},"end":{"line":36,"column":2}}},"fnMap":{"0":{"name":"getDatabaseUri","decl":{"start":{"line":13,"column":9},"end":{"line":13,"column":23}},"loc":{"start":{"line":13,"column":26},"end":{"line":17,"column":1}},"line":13}},"branchMap":{"0":{"loc":{"start":{"line":8,"column":19},"end":{"line":8,"column":57}},"type":"binary-expr","locations":[{"start":{"line":8,"column":19},"end":{"line":8,"column":41}},{"start":{"line":8,"column":45},"end":{"line":8,"column":57}}],"line":8},"1":{"loc":{"start":{"line":10,"column":13},"end":{"line":10,"column":38}},"type":"binary-expr","locations":[{"start":{"line":10,"column":13},"end":{"line":10,"column":30}},{"start":{"line":10,"column":34},"end":{"line":10,"column":38}}],"line":10},"2":{"loc":{"start":{"line":14,"column":9},"end":{"line":16,"column":43}},"type":"cond-expr","locations":[{"start":{"line":15,"column":8},"end":{"line":15,"column":20}},{"start":{"line":16,"column":8},"end":{"line":16,"column":43}}],"line":14},"3":{"loc":{"start":{"line":16,"column":8},"end":{"line":16,"column":43}},"type":"binary-expr","locations":[{"start":{"line":16,"column":8},"end":{"line":16,"column":32}},{"start":{"line":16,"column":36},"end":{"line":16,"column":43}}],"line":16},"4":{"loc":{"start":{"line":22,"column":27},"end":{"line":22,"column":67}},"type":"cond-expr","locations":[{"start":{"line":22,"column":61},"end":{"line":22,"column":62}},{"start":{"line":22,"column":65},"end":{"line":22,"column":67}}],"line":22}},"s":{"0":10,"1":10,"2":10,"3":10,"4":20,"5":10,"6":10,"7":10,"8":10,"9":10,"10":10,"11":10,"12":10},"f":{"0":20},"b":{"0":[10,9],"1":[10,9],"2":[17,3],"3":[3,1],"4":[9,1]},"_coverageSchema":"1a1c01bbd47fc00a2c39e90264f33305004495a9","hash":"01e297da16ea88d9ec9d86c706f650bb42a14a3e"}
,"/Users/lance/Documents/Lance/Rithm/Express/express-jobly/db.js": {"path":"/Users/lance/Documents/Lance/Rithm/Express/express-jobly/db.js","statementMap":{"0":{"start":{"line":5,"column":19},"end":{"line":5,"column":32}},"1":{"start":{"line":6,"column":27},"end":{"line":6,"column":46}},"2":{"start":{"line":8,"column":11},"end":{"line":10,"column":2}},"3":{"start":{"line":12,"column":0},"end":{"line":12,"column":13}},"4":{"start":{"line":14,"column":0},"end":{"line":14,"column":20}}},"fnMap":{},"branchMap":{},"s":{"0":7,"1":7,"2":7,"3":7,"4":7},"f":{},"b":{},"_coverageSchema":"1a1c01bbd47fc00a2c39e90264f33305004495a9","hash":"c9b8e05b9f5c5dc2088ef2ed169b428cbd14bc1a"}
,"/Users/lance/Documents/Lance/Rithm/Express/express-jobly/expressError.js": {"path":"/Users/lance/Documents/Lance/Rithm/Express/express-jobly/expressError.js","statementMap":{"0":{"start":{"line":9,"column":4},"end":{"line":9,"column":12}},"1":{"start":{"line":10,"column":4},"end":{"line":10,"column":27}},"2":{"start":{"line":11,"column":4},"end":{"line":11,"column":25}},"3":{"start":{"line":19,"column":4},"end":{"line":19,"column":24}},"4":{"start":{"line":27,"column":4},"end":{"line":27,"column":24}},"5":{"start":{"line":35,"column":4},"end":{"line":35,"column":24}},"6":{"start":{"line":47,"column":0},"end":{"line":53,"column":2}}},"fnMap":{"0":{"name":"(anonymous_0)","decl":{"start":{"line":8,"column":2},"end":{"line":8,"column":3}},"loc":{"start":{"line":8,"column":31},"end":{"line":12,"column":3}},"line":8},"1":{"name":"(anonymous_1)","decl":{"start":{"line":18,"column":2},"end":{"line":18,"column":3}},"loc":{"start":{"line":18,"column":37},"end":{"line":20,"column":3}},"line":18},"2":{"name":"(anonymous_2)","decl":{"start":{"line":26,"column":2},"end":{"line":26,"column":3}},"loc":{"start":{"line":26,"column":40},"end":{"line":28,"column":3}},"line":26},"3":{"name":"(anonymous_3)","decl":{"start":{"line":34,"column":2},"end":{"line":34,"column":3}},"loc":{"start":{"line":34,"column":39},"end":{"line":36,"column":3}},"line":34}},"branchMap":{"0":{"loc":{"start":{"line":18,"column":14},"end":{"line":18,"column":35}},"type":"default-arg","locations":[{"start":{"line":18,"column":24},"end":{"line":18,"column":35}}],"line":18},"1":{"loc":{"start":{"line":26,"column":14},"end":{"line":26,"column":38}},"type":"default-arg","locations":[{"start":{"line":26,"column":24},"end":{"line":26,"column":38}}],"line":26},"2":{"loc":{"start":{"line":34,"column":14},"end":{"line":34,"column":37}},"type":"default-arg","locations":[{"start":{"line":34,"column":24},"end":{"line":34,"column":37}}],"line":34}},"s":{"0":58,"1":58,"2":58,"3":17,"4":20,"5":21,"6":9},"f":{"0":58,"1":17,"2":20,"3":21},"b":{"0":[2],"1":[16],"2":[0]},"_coverageSchema":"1a1c01bbd47fc00a2c39e90264f33305004495a9","hash":"2fcd29e3a140626a3ee65b08b2f2e6dc1691bbb0"}
,"/Users/lance/Documents/Lance/Rithm/Express/express-jobly/helpers/sql.js": {"path":"/Users/lance/Documents/Lance/Rithm/Express/express-jobly/helpers/sql.js","statementMap":{"0":{"start":{"line":1,"column":28},"end":{"line":1,"column":54}},"1":{"start":{"line":19,"column":15},"end":{"line":19,"column":40}},"2":{"start":{"line":20,"column":2},"end":{"line":20,"column":62}},"3":{"start":{"line":20,"column":25},"end":{"line":20,"column":62}},"4":{"start":{"line":23,"column":15},"end":{"line":25,"column":3}},"5":{"start":{"line":24,"column":4},"end":{"line":24,"column":50}},"6":{"start":{"line":27,"column":2},"end":{"line":30,"column":4}},"7":{"start":{"line":33,"column":0},"end":{"line":33,"column":41}}},"fnMap":{"0":{"name":"sqlForPartialUpdate","decl":{"start":{"line":18,"column":9},"end":{"line":18,"column":28}},"loc":{"start":{"line":18,"column":52},"end":{"line":31,"column":1}},"line":18},"1":{"name":"(anonymous_1)","decl":{"start":{"line":23,"column":24},"end":{"line":23,"column":25}},"loc":{"start":{"line":24,"column":4},"end":{"line":24,"column":50}},"line":24}},"branchMap":{"0":{"loc":{"start":{"line":20,"column":2},"end":{"line":20,"column":62}},"type":"if","locations":[{"start":{"line":20,"column":2},"end":{"line":20,"column":62}},{"start":{"line":20,"column":2},"end":{"line":20,"column":62}}],"line":20},"1":{"loc":{"start":{"line":24,"column":8},"end":{"line":24,"column":35}},"type":"binary-expr","locations":[{"start":{"line":24,"column":8},"end":{"line":24,"column":24}},{"start":{"line":24,"column":28},"end":{"line":24,"column":35}}],"line":24}},"s":{"0":8,"1":19,"2":19,"3":4,"4":15,"5":32,"6":15,"7":8},"f":{"0":19,"1":32},"b":{"0":[4,15],"1":[32,18]},"_coverageSchema":"1a1c01bbd47fc00a2c39e90264f33305004495a9","hash":"2df65beb61a611b86b0b4394b50fd7d4322b7b3e"}
,"/Users/lance/Documents/Lance/Rithm/Express/express-jobly/helpers/tokens.js": {"path":"/Users/lance/Documents/Lance/Rithm/Express/express-jobly/helpers/tokens.js","statementMap":{"0":{"start":{"line":1,"column":12},"end":{"line":1,"column":35}},"1":{"start":{"line":2,"column":23},"end":{"line":2,"column":43}},"2":{"start":{"line":7,"column":2},"end":{"line":8,"column":58}},"3":{"start":{"line":10,"column":16},"end":{"line":13,"column":3}},"4":{"start":{"line":15,"column":2},"end":{"line":15,"column":39}},"5":{"start":{"line":18,"column":0},"end":{"line":18,"column":33}}},"fnMap":{"0":{"name":"createToken","decl":{"start":{"line":6,"column":9},"end":{"line":6,"column":20}},"loc":{"start":{"line":6,"column":27},"end":{"line":16,"column":1}},"line":6}},"branchMap":{"0":{"loc":{"start":{"line":12,"column":13},"end":{"line":12,"column":34}},"type":"binary-expr","locations":[{"start":{"line":12,"column":13},"end":{"line":12,"column":25}},{"start":{"line":12,"column":29},"end":{"line":12,"column":34}}],"line":12}},"s":{"0":5,"1":5,"2":13,"3":13,"4":13,"5":5},"f":{"0":13},"b":{"0":[13,7]},"_coverageSchema":"1a1c01bbd47fc00a2c39e90264f33305004495a9","hash":"38313b47b46539efe8d08b577ad9ddbc0331115b"}
,"/Users/lance/Documents/Lance/Rithm/Express/express-jobly/middleware/auth.js": {"path":"/Users/lance/Documents/Lance/Rithm/Express/express-jobly/middleware/auth.js","statementMap":{"0":{"start":{"line":5,"column":12},"end":{"line":5,"column":35}},"1":{"start":{"line":6,"column":23},"end":{"line":6,"column":43}},"2":{"start":{"line":7,"column":30},"end":{"line":7,"column":56}},"3":{"start":{"line":19,"column":2},"end":{"line":28,"column":3}},"4":{"start":{"line":20,"column":23},"end":{"line":20,"column":63}},"5":{"start":{"line":21,"column":4},"end":{"line":24,"column":5}},"6":{"start":{"line":22,"column":20},"end":{"line":22,"column":64}},"7":{"start":{"line":23,"column":6},"end":{"line":23,"column":54}},"8":{"start":{"line":25,"column":4},"end":{"line":25,"column":18}},"9":{"start":{"line":27,"column":4},"end":{"line":27,"column":18}},"10":{"start":{"line":37,"column":2},"end":{"line":42,"column":3}},"11":{"start":{"line":38,"column":4},"end":{"line":38,"column":56}},"12":{"start":{"line":38,"column":26},"end":{"line":38,"column":56}},"13":{"start":{"line":39,"column":4},"end":{"line":39,"column":18}},"14":{"start":{"line":41,"column":4},"end":{"line":41,"column":21}},"15":{"start":{"line":51,"column":2},"end":{"line":56,"column":3}},"16":{"start":{"line":52,"column":4},"end":{"line":52,"column":64}},"17":{"start":{"line":52,"column":34},"end":{"line":52,"column":64}},"18":{"start":{"line":53,"column":4},"end":{"line":53,"column":18}},"19":{"start":{"line":55,"column":4},"end":{"line":55,"column":21}},"20":{"start":{"line":66,"column":2},"end":{"line":74,"column":3}},"21":{"start":{"line":67,"column":4},"end":{"line":70,"column":5}},"22":{"start":{"line":69,"column":6},"end":{"line":69,"column":36}},"23":{"start":{"line":71,"column":4},"end":{"line":71,"column":18}},"24":{"start":{"line":73,"column":4},"end":{"line":73,"column":21}},"25":{"start":{"line":77,"column":0},"end":{"line":82,"column":2}}},"fnMap":{"0":{"name":"authenticateJWT","decl":{"start":{"line":18,"column":9},"end":{"line":18,"column":24}},"loc":{"start":{"line":18,"column":41},"end":{"line":29,"column":1}},"line":18},"1":{"name":"ensureLoggedIn","decl":{"start":{"line":36,"column":9},"end":{"line":36,"column":23}},"loc":{"start":{"line":36,"column":40},"end":{"line":43,"column":1}},"line":36},"2":{"name":"ensureAdmin","decl":{"start":{"line":50,"column":9},"end":{"line":50,"column":20}},"loc":{"start":{"line":50,"column":37},"end":{"line":57,"column":1}},"line":50},"3":{"name":"ensureCorrectUserOrAdmin","decl":{"start":{"line":65,"column":9},"end":{"line":65,"column":33}},"loc":{"start":{"line":65,"column":50},"end":{"line":75,"column":1}},"line":65}},"branchMap":{"0":{"loc":{"start":{"line":20,"column":23},"end":{"line":20,"column":63}},"type":"binary-expr","locations":[{"start":{"line":20,"column":23},"end":{"line":20,"column":34}},{"start":{"line":20,"column":38},"end":{"line":20,"column":63}}],"line":20},"1":{"loc":{"start":{"line":21,"column":4},"end":{"line":24,"column":5}},"type":"if","locations":[{"start":{"line":21,"column":4},"end":{"line":24,"column":5}},{"start":{"line":21,"column":4},"end":{"line":24,"column":5}}],"line":21},"2":{"loc":{"start":{"line":38,"column":4},"end":{"line":38,"column":56}},"type":"if","locations":[{"start":{"line":38,"column":4},"end":{"line":38,"column":56}},{"start":{"line":38,"column":4},"end":{"line":38,"column":56}}],"line":38},"3":{"loc":{"start":{"line":52,"column":4},"end":{"line":52,"column":64}},"type":"if","locations":[{"start":{"line":52,"column":4},"end":{"line":52,"column":64}},{"start":{"line":52,"column":4},"end":{"line":52,"column":64}}],"line":52},"4":{"loc":{"start":{"line":67,"column":4},"end":{"line":70,"column":5}},"type":"if","locations":[{"start":{"line":67,"column":4},"end":{"line":70,"column":5}},{"start":{"line":67,"column":4},"end":{"line":70,"column":5}}],"line":67},"5":{"loc":{"start":{"line":67,"column":8},"end":{"line":68,"column":58}},"type":"binary-expr","locations":[{"start":{"line":67,"column":8},"end":{"line":67,"column":32}},{"start":{"line":68,"column":9},"end":{"line":68,"column":57}}],"line":67}},"s":{"0":5,"1":5,"2":5,"3":61,"4":61,"5":61,"6":37,"7":37,"8":60,"9":1,"10":43,"11":43,"12":8,"13":35,"14":8,"15":20,"16":20,"17":5,"18":15,"19":5,"20":14,"21":14,"22":3,"23":11,"24":3,"25":5},"f":{"0":61,"1":43,"2":20,"3":14},"b":{"0":[61,60],"1":[37,24],"2":[8,35],"3":[5,15],"4":[3,11],"5":[14,6]},"_coverageSchema":"1a1c01bbd47fc00a2c39e90264f33305004495a9","hash":"7de7d8b40a2a664b2ef87f74fb03432db26c32e8"}
,"/Users/lance/Documents/Lance/Rithm/Express/express-jobly/models/_testCommon.js": {"path":"/Users/lance/Documents/Lance/Rithm/Express/express-jobly/models/_testCommon.js","statementMap":{"0":{"start":{"line":1,"column":15},"end":{"line":1,"column":32}},"1":{"start":{"line":3,"column":11},"end":{"line":3,"column":30}},"2":{"start":{"line":4,"column":31},"end":{"line":4,"column":51}},"3":{"start":{"line":8,"column":2},"end":{"line":8,"column":42}},"4":{"start":{"line":10,"column":2},"end":{"line":10,"column":38}},"5":{"start":{"line":12,"column":2},"end":{"line":16,"column":55}},"6":{"start":{"line":18,"column":2},"end":{"line":30,"column":7}},"7":{"start":{"line":32,"column":2},"end":{"line":40,"column":46}},"8":{"start":{"line":45,"column":2},"end":{"line":45,"column":26}},"9":{"start":{"line":49,"column":2},"end":{"line":49,"column":29}},"10":{"start":{"line":53,"column":2},"end":{"line":53,"column":17}},"11":{"start":{"line":57,"column":0},"end":{"line":62,"column":2}}},"fnMap":{"0":{"name":"commonBeforeAll","decl":{"start":{"line":6,"column":15},"end":{"line":6,"column":30}},"loc":{"start":{"line":6,"column":33},"end":{"line":42,"column":1}},"line":6},"1":{"name":"commonBeforeEach","decl":{"start":{"line":44,"column":15},"end":{"line":44,"column":31}},"loc":{"start":{"line":44,"column":34},"end":{"line":46,"column":1}},"line":44},"2":{"name":"commonAfterEach","decl":{"start":{"line":48,"column":15},"end":{"line":48,"column":30}},"loc":{"start":{"line":48,"column":33},"end":{"line":50,"column":1}},"line":48},"3":{"name":"commonAfterAll","decl":{"start":{"line":52,"column":15},"end":{"line":52,"column":29}},"loc":{"start":{"line":52,"column":32},"end":{"line":54,"column":1}},"line":52}},"branchMap":{},"s":{"0":3,"1":3,"2":3,"3":3,"4":3,"5":3,"6":3,"7":3,"8":47,"9":47,"10":3,"11":3},"f":{"0":3,"1":47,"2":47,"3":3},"b":{},"_coverageSchema":"1a1c01bbd47fc00a2c39e90264f33305004495a9","hash":"c7dce17992ce7e8df633fa09fa7c6c335559fd85"}
,"/Users/lance/Documents/Lance/Rithm/Express/express-jobly/models/company.js": {"path":"/Users/lance/Documents/Lance/Rithm/Express/express-jobly/models/company.js","statementMap":{"0":{"start":{"line":3,"column":10},"end":{"line":3,"column":25}},"1":{"start":{"line":4,"column":11},"end":{"line":4,"column":27}},"2":{"start":{"line":5,"column":43},"end":{"line":5,"column":69}},"3":{"start":{"line":6,"column":32},"end":{"line":6,"column":57}},"4":{"start":{"line":21,"column":27},"end":{"line":26,"column":5}},"5":{"start":{"line":28,"column":4},"end":{"line":29,"column":64}},"6":{"start":{"line":29,"column":6},"end":{"line":29,"column":64}},"7":{"start":{"line":31,"column":19},"end":{"line":42,"column":5}},"8":{"start":{"line":43,"column":20},"end":{"line":43,"column":34}},"9":{"start":{"line":45,"column":4},"end":{"line":45,"column":19}},"10":{"start":{"line":64,"column":4},"end":{"line":69,"column":5}},"11":{"start":{"line":68,"column":6},"end":{"line":68,"column":51}},"12":{"start":{"line":71,"column":20},"end":{"line":76,"column":35}},"13":{"start":{"line":77,"column":21},"end":{"line":77,"column":36}},"14":{"start":{"line":78,"column":19},"end":{"line":78,"column":26}},"15":{"start":{"line":80,"column":4},"end":{"line":91,"column":5}},"16":{"start":{"line":81,"column":6},"end":{"line":81,"column":46}},"17":{"start":{"line":83,"column":6},"end":{"line":90,"column":19}},"18":{"start":{"line":93,"column":17},"end":{"line":93,"column":72}},"19":{"start":{"line":95,"column":25},"end":{"line":95,"column":57}},"20":{"start":{"line":97,"column":4},"end":{"line":97,"column":29}},"21":{"start":{"line":109,"column":17},"end":{"line":109,"column":19}},"22":{"start":{"line":110,"column":17},"end":{"line":110,"column":19}},"23":{"start":{"line":112,"column":4},"end":{"line":116,"column":5}},"24":{"start":{"line":113,"column":6},"end":{"line":115,"column":8}},"25":{"start":{"line":118,"column":14},"end":{"line":118,"column":15}},"26":{"start":{"line":119,"column":4},"end":{"line":123,"column":5}},"27":{"start":{"line":120,"column":6},"end":{"line":120,"column":46}},"28":{"start":{"line":121,"column":6},"end":{"line":121,"column":32}},"29":{"start":{"line":122,"column":6},"end":{"line":122,"column":12}},"30":{"start":{"line":124,"column":4},"end":{"line":128,"column":5}},"31":{"start":{"line":125,"column":6},"end":{"line":125,"column":46}},"32":{"start":{"line":126,"column":6},"end":{"line":126,"column":32}},"33":{"start":{"line":127,"column":6},"end":{"line":127,"column":12}},"34":{"start":{"line":129,"column":4},"end":{"line":133,"column":5}},"35":{"start":{"line":130,"column":6},"end":{"line":130,"column":40}},"36":{"start":{"line":131,"column":6},"end":{"line":131,"column":35}},"37":{"start":{"line":132,"column":6},"end":{"line":132,"column":12}},"38":{"start":{"line":135,"column":4},"end":{"line":135,"column":34}},"39":{"start":{"line":137,"column":4},"end":{"line":137,"column":30}},"40":{"start":{"line":150,"column":23},"end":{"line":159,"column":5}},"41":{"start":{"line":161,"column":18},"end":{"line":161,"column":36}},"42":{"start":{"line":162,"column":4},"end":{"line":162,"column":67}},"43":{"start":{"line":162,"column":18},"end":{"line":162,"column":67}},"44":{"start":{"line":164,"column":19},"end":{"line":172,"column":5}},"45":{"start":{"line":174,"column":4},"end":{"line":174,"column":31}},"46":{"start":{"line":176,"column":4},"end":{"line":176,"column":19}},"47":{"start":{"line":192,"column":32},"end":{"line":195,"column":6}},"48":{"start":{"line":196,"column":25},"end":{"line":196,"column":50}},"49":{"start":{"line":198,"column":21},"end":{"line":202,"column":100}},"50":{"start":{"line":203,"column":19},"end":{"line":203,"column":64}},"51":{"start":{"line":204,"column":20},"end":{"line":204,"column":34}},"52":{"start":{"line":206,"column":4},"end":{"line":206,"column":67}},"53":{"start":{"line":206,"column":18},"end":{"line":206,"column":67}},"54":{"start":{"line":208,"column":4},"end":{"line":208,"column":19}},"55":{"start":{"line":217,"column":19},"end":{"line":223,"column":5}},"56":{"start":{"line":224,"column":20},"end":{"line":224,"column":34}},"57":{"start":{"line":226,"column":4},"end":{"line":226,"column":67}},"58":{"start":{"line":226,"column":18},"end":{"line":226,"column":67}},"59":{"start":{"line":230,"column":0},"end":{"line":230,"column":25}}},"fnMap":{"0":{"name":"(anonymous_0)","decl":{"start":{"line":20,"column":2},"end":{"line":20,"column":3}},"loc":{"start":{"line":20,"column":76},"end":{"line":46,"column":3}},"line":20},"1":{"name":"(anonymous_1)","decl":{"start":{"line":62,"column":2},"end":{"line":62,"column":3}},"loc":{"start":{"line":62,"column":32},"end":{"line":98,"column":3}},"line":62},"2":{"name":"(anonymous_2)","decl":{"start":{"line":108,"column":2},"end":{"line":108,"column":3}},"loc":{"start":{"line":108,"column":67},"end":{"line":138,"column":3}},"line":108},"3":{"name":"(anonymous_3)","decl":{"start":{"line":148,"column":2},"end":{"line":148,"column":3}},"loc":{"start":{"line":148,"column":27},"end":{"line":177,"column":3}},"line":148},"4":{"name":"(anonymous_4)","decl":{"start":{"line":191,"column":2},"end":{"line":191,"column":3}},"loc":{"start":{"line":191,"column":36},"end":{"line":209,"column":3}},"line":191},"5":{"name":"(anonymous_5)","decl":{"start":{"line":216,"column":2},"end":{"line":216,"column":3}},"loc":{"start":{"line":216,"column":30},"end":{"line":227,"column":3}},"line":216}},"branchMap":{"0":{"loc":{"start":{"line":28,"column":4},"end":{"line":29,"column":64}},"type":"if","locations":[{"start":{"line":28,"column":4},"end":{"line":29,"column":64}},{"start":{"line":28,"column":4},"end":{"line":29,"column":64}}],"line":28},"1":{"loc":{"start":{"line":64,"column":4},"end":{"line":69,"column":5}},"type":"if","locations":[{"start":{"line":64,"column":4},"end":{"line":69,"column":5}},{"start":{"line":64,"column":4},"end":{"line":69,"column":5}}],"line":64},"2":{"loc":{"start":{"line":65,"column":6},"end":{"line":66,"column":72}},"type":"binary-expr","locations":[{"start":{"line":65,"column":6},"end":{"line":65,"column":13}},{"start":{"line":66,"column":7},"end":{"line":66,"column":27}},{"start":{"line":66,"column":31},"end":{"line":66,"column":51}},{"start":{"line":66,"column":55},"end":{"line":66,"column":71}}],"line":65},"3":{"loc":{"start":{"line":80,"column":4},"end":{"line":91,"column":5}},"type":"if","locations":[{"start":{"line":80,"column":4},"end":{"line":91,"column":5}},{"start":{"line":80,"column":4},"end":{"line":91,"column":5}}],"line":80},"4":{"loc":{"start":{"line":93,"column":17},"end":{"line":93,"column":72}},"type":"cond-expr","locations":[{"start":{"line":93,"column":46},"end":{"line":93,"column":50}},{"start":{"line":93,"column":53},"end":{"line":93,"column":72}}],"line":93},"5":{"loc":{"start":{"line":112,"column":4},"end":{"line":116,"column":5}},"type":"if","locations":[{"start":{"line":112,"column":4},"end":{"line":116,"column":5}},{"start":{"line":112,"column":4},"end":{"line":116,"column":5}}],"line":112},"6":{"loc":{"start":{"line":119,"column":4},"end":{"line":123,"column":5}},"type":"if","locations":[{"start":{"line":119,"column":4},"end":{"line":123,"column":5}},{"start":{"line":119,"column":4},"end":{"line":123,"column":5}}],"line":119},"7":{"loc":{"start":{"line":124,"column":4},"end":{"line":128,"column":5}},"type":"if","locations":[{"start":{"line":124,"column":4},"end":{"line":128,"column":5}},{"start":{"line":124,"column":4},"end":{"line":128,"column":5}}],"line":124},"8":{"loc":{"start":{"line":129,"column":4},"end":{"line":133,"column":5}},"type":"if","locations":[{"start":{"line":129,"column":4},"end":{"line":133,"column":5}},{"start":{"line":129,"column":4},"end":{"line":133,"column":5}}],"line":129},"9":{"loc":{"start":{"line":162,"column":4},"end":{"line":162,"column":67}},"type":"if","locations":[{"start":{"line":162,"column":4},"end":{"line":162,"column":67}},{"start":{"line":162,"column":4},"end":{"line":162,"column":67}}],"line":162},"10":{"loc":{"start":{"line":206,"column":4},"end":{"line":206,"column":67}},"type":"if","locations":[{"start":{"line":206,"column":4},"end":{"line":206,"column":67}},{"start":{"line":206,"column":4},"end":{"line":206,"column":67}}],"line":206},"11":{"loc":{"start":{"line":226,"column":4},"end":{"line":226,"column":67}},"type":"if","locations":[{"start":{"line":226,"column":4},"end":{"line":226,"column":67}},{"start":{"line":226,"column":4},"end":{"line":226,"column":67}}],"line":226}},"s":{"0":5,"1":5,"2":5,"3":5,"4":13,"5":13,"6":1,"7":12,"8":12,"9":12,"10":9,"11":5,"12":8,"13":8,"14":8,"15":8,"16":4,"17":4,"18":8,"19":8,"20":7,"21":6,"22":6,"23":6,"24":1,"25":5,"26":5,"27":4,"28":4,"29":4,"30":5,"31":4,"32":4,"33":4,"34":5,"35":4,"36":4,"37":4,"38":5,"39":5,"40":5,"41":5,"42":5,"43":2,"44":3,"45":3,"46":3,"47":6,"48":5,"49":5,"50":5,"51":5,"52":5,"53":2,"54":3,"55":4,"56":4,"57":4,"58":2,"59":5},"f":{"0":13,"1":9,"2":6,"3":5,"4":6,"5":4},"b":{"0":[1,12],"1":[5,4],"2":[9,8,4,4],"3":[4,4],"4":[4,4],"5":[1,5],"6":[4,1],"7":[4,1],"8":[4,1],"9":[2,3],"10":[2,3],"11":[2,2]},"_coverageSchema":"1a1c01bbd47fc00a2c39e90264f33305004495a9","hash":"d8763f9c0ca55e075661500b62239519d1f52c7e"}
,"/Users/lance/Documents/Lance/Rithm/Express/express-jobly/models/job.js": {"path":"/Users/lance/Documents/Lance/Rithm/Express/express-jobly/models/job.js","statementMap":{"0":{"start":{"line":3,"column":10},"end":{"line":3,"column":25}},"1":{"start":{"line":4,"column":11},"end":{"line":4,"column":27}},"2":{"start":{"line":5,"column":43},"end":{"line":5,"column":69}},"3":{"start":{"line":6,"column":32},"end":{"line":6,"column":57}},"4":{"start":{"line":20,"column":4},"end":{"line":22,"column":5}},"5":{"start":{"line":21,"column":6},"end":{"line":21,"column":68}},"6":{"start":{"line":24,"column":19},"end":{"line":41,"column":5}},"7":{"start":{"line":43,"column":16},"end":{"line":43,"column":30}},"8":{"start":{"line":45,"column":4},"end":{"line":45,"column":15}},"9":{"start":{"line":72,"column":4},"end":{"line":77,"column":5}},"10":{"start":{"line":76,"column":6},"end":{"line":76,"column":51}},"11":{"start":{"line":79,"column":20},"end":{"line":84,"column":30}},"12":{"start":{"line":85,"column":19},"end":{"line":85,"column":26}},"13":{"start":{"line":87,"column":4},"end":{"line":96,"column":5}},"14":{"start":{"line":88,"column":6},"end":{"line":88,"column":27}},"15":{"start":{"line":90,"column":6},"end":{"line":95,"column":28}},"16":{"start":{"line":98,"column":17},"end":{"line":98,"column":72}},"17":{"start":{"line":100,"column":20},"end":{"line":100,"column":52}},"18":{"start":{"line":102,"column":4},"end":{"line":102,"column":24}},"19":{"start":{"line":115,"column":17},"end":{"line":115,"column":19}},"20":{"start":{"line":116,"column":17},"end":{"line":116,"column":19}},"21":{"start":{"line":118,"column":14},"end":{"line":118,"column":15}},"22":{"start":{"line":119,"column":4},"end":{"line":123,"column":5}},"23":{"start":{"line":120,"column":6},"end":{"line":120,"column":41}},"24":{"start":{"line":121,"column":6},"end":{"line":121,"column":32}},"25":{"start":{"line":122,"column":6},"end":{"line":122,"column":12}},"26":{"start":{"line":124,"column":4},"end":{"line":128,"column":5}},"27":{"start":{"line":125,"column":6},"end":{"line":125,"column":39}},"28":{"start":{"line":126,"column":6},"end":{"line":126,"column":29}},"29":{"start":{"line":127,"column":6},"end":{"line":127,"column":12}},"30":{"start":{"line":129,"column":4},"end":{"line":133,"column":5}},"31":{"start":{"line":130,"column":6},"end":{"line":130,"column":38}},"32":{"start":{"line":131,"column":6},"end":{"line":131,"column":21}},"33":{"start":{"line":132,"column":6},"end":{"line":132,"column":12}},"34":{"start":{"line":134,"column":4},"end":{"line":138,"column":5}},"35":{"start":{"line":135,"column":6},"end":{"line":135,"column":38}},"36":{"start":{"line":136,"column":6},"end":{"line":136,"column":21}},"37":{"start":{"line":137,"column":6},"end":{"line":137,"column":12}},"38":{"start":{"line":140,"column":4},"end":{"line":140,"column":34}},"39":{"start":{"line":142,"column":4},"end":{"line":142,"column":30}},"40":{"start":{"line":154,"column":19},"end":{"line":164,"column":5}},"41":{"start":{"line":165,"column":16},"end":{"line":165,"column":30}},"42":{"start":{"line":166,"column":4},"end":{"line":166,"column":56}},"43":{"start":{"line":166,"column":13},"end":{"line":166,"column":56}},"44":{"start":{"line":168,"column":4},"end":{"line":168,"column":15}},"45":{"start":{"line":186,"column":4},"end":{"line":186,"column":100}},"46":{"start":{"line":186,"column":49},"end":{"line":186,"column":100}},"47":{"start":{"line":188,"column":30},"end":{"line":188,"column":58}},"48":{"start":{"line":189,"column":25},"end":{"line":189,"column":50}},"49":{"start":{"line":191,"column":19},"end":{"line":199,"column":5}},"50":{"start":{"line":200,"column":16},"end":{"line":200,"column":30}},"51":{"start":{"line":201,"column":4},"end":{"line":201,"column":58}},"52":{"start":{"line":201,"column":14},"end":{"line":201,"column":58}},"53":{"start":{"line":202,"column":4},"end":{"line":202,"column":15}},"54":{"start":{"line":214,"column":19},"end":{"line":220,"column":5}},"55":{"start":{"line":221,"column":16},"end":{"line":221,"column":30}},"56":{"start":{"line":222,"column":4},"end":{"line":222,"column":54}},"57":{"start":{"line":222,"column":14},"end":{"line":222,"column":54}},"58":{"start":{"line":227,"column":0},"end":{"line":227,"column":21}}},"fnMap":{"0":{"name":"(anonymous_0)","decl":{"start":{"line":18,"column":2},"end":{"line":18,"column":3}},"loc":{"start":{"line":18,"column":64},"end":{"line":46,"column":3}},"line":18},"1":{"name":"(anonymous_1)","decl":{"start":{"line":69,"column":2},"end":{"line":69,"column":3}},"loc":{"start":{"line":69,"column":32},"end":{"line":103,"column":3}},"line":69},"2":{"name":"(anonymous_2)","decl":{"start":{"line":114,"column":2},"end":{"line":114,"column":3}},"loc":{"start":{"line":114,"column":58},"end":{"line":143,"column":3}},"line":114},"3":{"name":"(anonymous_3)","decl":{"start":{"line":153,"column":2},"end":{"line":153,"column":3}},"loc":{"start":{"line":153,"column":23},"end":{"line":169,"column":3}},"line":153},"4":{"name":"(anonymous_4)","decl":{"start":{"line":184,"column":2},"end":{"line":184,"column":3}},"loc":{"start":{"line":184,"column":32},"end":{"line":203,"column":3}},"line":184},"5":{"name":"(anonymous_5)","decl":{"start":{"line":213,"column":2},"end":{"line":213,"column":3}},"loc":{"start":{"line":213,"column":26},"end":{"line":224,"column":3}},"line":213}},"branchMap":{"0":{"loc":{"start":{"line":20,"column":4},"end":{"line":22,"column":5}},"type":"if","locations":[{"start":{"line":20,"column":4},"end":{"line":22,"column":5}},{"start":{"line":20,"column":4},"end":{"line":22,"column":5}}],"line":20},"1":{"loc":{"start":{"line":20,"column":8},"end":{"line":20,"column":32}},"type":"binary-expr","locations":[{"start":{"line":20,"column":8},"end":{"line":20,"column":14}},{"start":{"line":20,"column":18},"end":{"line":20,"column":32}}],"line":20},"2":{"loc":{"start":{"line":72,"column":4},"end":{"line":77,"column":5}},"type":"if","locations":[{"start":{"line":72,"column":4},"end":{"line":77,"column":5}},{"start":{"line":72,"column":4},"end":{"line":77,"column":5}}],"line":72},"3":{"loc":{"start":{"line":73,"column":6},"end":{"line":74,"column":63}},"type":"binary-expr","locations":[{"start":{"line":73,"column":6},"end":{"line":73,"column":13}},{"start":{"line":74,"column":7},"end":{"line":74,"column":20}},{"start":{"line":74,"column":24},"end":{"line":74,"column":41}},{"start":{"line":74,"column":45},"end":{"line":74,"column":62}}],"line":73},"4":{"loc":{"start":{"line":87,"column":4},"end":{"line":96,"column":5}},"type":"if","locations":[{"start":{"line":87,"column":4},"end":{"line":96,"column":5}},{"start":{"line":87,"column":4},"end":{"line":96,"column":5}}],"line":87},"5":{"loc":{"start":{"line":98,"column":17},"end":{"line":98,"column":72}},"type":"cond-expr","locations":[{"start":{"line":98,"column":46},"end":{"line":98,"column":50}},{"start":{"line":98,"column":53},"end":{"line":98,"column":72}}],"line":98},"6":{"loc":{"start":{"line":119,"column":4},"end":{"line":123,"column":5}},"type":"if","locations":[{"start":{"line":119,"column":4},"end":{"line":123,"column":5}},{"start":{"line":119,"column":4},"end":{"line":123,"column":5}}],"line":119},"7":{"loc":{"start":{"line":124,"column":4},"end":{"line":128,"column":5}},"type":"if","locations":[{"start":{"line":124,"column":4},"end":{"line":128,"column":5}},{"start":{"line":124,"column":4},"end":{"line":128,"column":5}}],"line":124},"8":{"loc":{"start":{"line":129,"column":4},"end":{"line":133,"column":5}},"type":"if","locations":[{"start":{"line":129,"column":4},"end":{"line":133,"column":5}},{"start":{"line":129,"column":4},"end":{"line":133,"column":5}}],"line":129},"9":{"loc":{"start":{"line":134,"column":4},"end":{"line":138,"column":5}},"type":"if","locations":[{"start":{"line":134,"column":4},"end":{"line":138,"column":5}},{"start":{"line":134,"column":4},"end":{"line":138,"column":5}}],"line":134},"10":{"loc":{"start":{"line":166,"column":4},"end":{"line":166,"column":56}},"type":"if","locations":[{"start":{"line":166,"column":4},"end":{"line":166,"column":56}},{"start":{"line":166,"column":4},"end":{"line":166,"column":56}}],"line":166},"11":{"loc":{"start":{"line":186,"column":4},"end":{"line":186,"column":100}},"type":"if","locations":[{"start":{"line":186,"column":4},"end":{"line":186,"column":100}},{"start":{"line":186,"column":4},"end":{"line":186,"column":100}}],"line":186},"12":{"loc":{"start":{"line":186,"column":8},"end":{"line":186,"column":47}},"type":"binary-expr","locations":[{"start":{"line":186,"column":8},"end":{"line":186,"column":20}},{"start":{"line":186,"column":24},"end":{"line":186,"column":47}}],"line":186},"13":{"loc":{"start":{"line":201,"column":4},"end":{"line":201,"column":58}},"type":"if","locations":[{"start":{"line":201,"column":4},"end":{"line":201,"column":58}},{"start":{"line":201,"column":4},"end":{"line":201,"column":58}}],"line":201},"14":{"loc":{"start":{"line":222,"column":4},"end":{"line":222,"column":54}},"type":"if","locations":[{"start":{"line":222,"column":4},"end":{"line":222,"column":54}},{"start":{"line":222,"column":4},"end":{"line":222,"column":54}}],"line":222}},"s":{"0":5,"1":5,"2":5,"3":5,"4":2,"5":1,"6":1,"7":1,"8":1,"9":5,"10":3,"11":5,"12":5,"13":5,"14":2,"15":3,"16":5,"17":5,"18":5,"19":3,"20":3,"21":3,"22":3,"23":2,"24":2,"25":2,"26":3,"27":2,"28":2,"29":2,"30":3,"31":1,"32":1,"33":1,"34":3,"35":1,"36":1,"37":1,"38":3,"39":3,"40":2,"41":2,"42":2,"43":1,"44":1,"45":4,"46":1,"47":3,"48":2,"49":2,"50":2,"51":2,"52":1,"53":1,"54":2,"55":2,"56":2,"57":1,"58":5},"f":{"0":2,"1":5,"2":3,"3":2,"4":4,"5":2},"b":{"0":[1,1],"1":[2,1],"2":[3,2],"3":[5,4,2,1],"4":[2,3],"5":[2,3],"6":[2,1],"7":[2,1],"8":[1,2],"9":[1,2],"10":[1,1],"11":[1,3],"12":[4,3],"13":[1,1],"14":[1,1]},"_coverageSchema":"1a1c01bbd47fc00a2c39e90264f33305004495a9","hash":"cd0b6bfad22bb721624ae27bb6084ec9a30e3364"}
,"/Users/lance/Documents/Lance/Rithm/Express/express-jobly/models/user.js": {"path":"/Users/lance/Documents/Lance/Rithm/Express/express-jobly/models/user.js","statementMap":{"0":{"start":{"line":3,"column":11},"end":{"line":3,"column":27}},"1":{"start":{"line":4,"column":15},"end":{"line":4,"column":32}},"2":{"start":{"line":5,"column":32},"end":{"line":5,"column":57}},"3":{"start":{"line":10,"column":4},"end":{"line":10,"column":30}},"4":{"start":{"line":12,"column":31},"end":{"line":12,"column":54}},"5":{"start":{"line":26,"column":19},"end":{"line":36,"column":5}},"6":{"start":{"line":38,"column":17},"end":{"line":38,"column":31}},"7":{"start":{"line":40,"column":4},"end":{"line":47,"column":5}},"8":{"start":{"line":42,"column":22},"end":{"line":42,"column":67}},"9":{"start":{"line":43,"column":6},"end":{"line":46,"column":7}},"10":{"start":{"line":44,"column":8},"end":{"line":44,"column":29}},"11":{"start":{"line":45,"column":8},"end":{"line":45,"column":20}},"12":{"start":{"line":49,"column":4},"end":{"line":49,"column":61}},"13":{"start":{"line":61,"column":27},"end":{"line":66,"column":5}},"14":{"start":{"line":68,"column":4},"end":{"line":70,"column":5}},"15":{"start":{"line":69,"column":6},"end":{"line":69,"column":67}},"16":{"start":{"line":72,"column":27},"end":{"line":72,"column":74}},"17":{"start":{"line":74,"column":19},"end":{"line":92,"column":5}},"18":{"start":{"line":94,"column":17},"end":{"line":94,"column":31}},"19":{"start":{"line":96,"column":4},"end":{"line":96,"column":16}},"20":{"start":{"line":105,"column":19},"end":{"line":113,"column":5}},"21":{"start":{"line":115,"column":4},"end":{"line":115,"column":23}},"22":{"start":{"line":127,"column":20},"end":{"line":136,"column":5}},"23":{"start":{"line":138,"column":17},"end":{"line":138,"column":32}},"24":{"start":{"line":140,"column":4},"end":{"line":140,"column":63}},"25":{"start":{"line":140,"column":15},"end":{"line":140,"column":63}},"26":{"start":{"line":142,"column":4},"end":{"line":142,"column":16}},"27":{"start":{"line":163,"column":4},"end":{"line":165,"column":5}},"28":{"start":{"line":164,"column":6},"end":{"line":164,"column":75}},"29":{"start":{"line":167,"column":32},"end":{"line":173,"column":10}},"30":{"start":{"line":174,"column":27},"end":{"line":174,"column":52}},"31":{"start":{"line":176,"column":21},"end":{"line":183,"column":54}},"32":{"start":{"line":184,"column":19},"end":{"line":184,"column":66}},"33":{"start":{"line":185,"column":17},"end":{"line":185,"column":31}},"34":{"start":{"line":187,"column":4},"end":{"line":187,"column":63}},"35":{"start":{"line":187,"column":15},"end":{"line":187,"column":63}},"36":{"start":{"line":189,"column":4},"end":{"line":189,"column":25}},"37":{"start":{"line":190,"column":4},"end":{"line":190,"column":16}},"38":{"start":{"line":196,"column":17},"end":{"line":202,"column":5}},"39":{"start":{"line":203,"column":17},"end":{"line":203,"column":31}},"40":{"start":{"line":205,"column":4},"end":{"line":205,"column":63}},"41":{"start":{"line":205,"column":15},"end":{"line":205,"column":63}},"42":{"start":{"line":210,"column":0},"end":{"line":210,"column":22}}},"fnMap":{"0":{"name":"(anonymous_0)","decl":{"start":{"line":24,"column":2},"end":{"line":24,"column":3}},"loc":{"start":{"line":24,"column":48},"end":{"line":50,"column":3}},"line":24},"1":{"name":"(anonymous_1)","decl":{"start":{"line":59,"column":2},"end":{"line":59,"column":3}},"loc":{"start":{"line":60,"column":67},"end":{"line":97,"column":3}},"line":60},"2":{"name":"(anonymous_2)","decl":{"start":{"line":104,"column":2},"end":{"line":104,"column":3}},"loc":{"start":{"line":104,"column":25},"end":{"line":116,"column":3}},"line":104},"3":{"name":"(anonymous_3)","decl":{"start":{"line":126,"column":2},"end":{"line":126,"column":3}},"loc":{"start":{"line":126,"column":29},"end":{"line":143,"column":3}},"line":126},"4":{"name":"(anonymous_4)","decl":{"start":{"line":162,"column":2},"end":{"line":162,"column":3}},"loc":{"start":{"line":162,"column":38},"end":{"line":191,"column":3}},"line":162},"5":{"name":"(anonymous_5)","decl":{"start":{"line":195,"column":2},"end":{"line":195,"column":3}},"loc":{"start":{"line":195,"column":32},"end":{"line":206,"column":3}},"line":195}},"branchMap":{"0":{"loc":{"start":{"line":40,"column":4},"end":{"line":47,"column":5}},"type":"if","locations":[{"start":{"line":40,"column":4},"end":{"line":47,"column":5}},{"start":{"line":40,"column":4},"end":{"line":47,"column":5}}],"line":40},"1":{"loc":{"start":{"line":43,"column":6},"end":{"line":46,"column":7}},"type":"if","locations":[{"start":{"line":43,"column":6},"end":{"line":46,"column":7}},{"start":{"line":43,"column":6},"end":{"line":46,"column":7}}],"line":43},"2":{"loc":{"start":{"line":68,"column":4},"end":{"line":70,"column":5}},"type":"if","locations":[{"start":{"line":68,"column":4},"end":{"line":70,"column":5}},{"start":{"line":68,"column":4},"end":{"line":70,"column":5}}],"line":68},"3":{"loc":{"start":{"line":140,"column":4},"end":{"line":140,"column":63}},"type":"if","locations":[{"start":{"line":140,"column":4},"end":{"line":140,"column":63}},{"start":{"line":140,"column":4},"end":{"line":140,"column":63}}],"line":140},"4":{"loc":{"start":{"line":163,"column":4},"end":{"line":165,"column":5}},"type":"if","locations":[{"start":{"line":163,"column":4},"end":{"line":165,"column":5}},{"start":{"line":163,"column":4},"end":{"line":165,"column":5}}],"line":163},"5":{"loc":{"start":{"line":187,"column":4},"end":{"line":187,"column":63}},"type":"if","locations":[{"start":{"line":187,"column":4},"end":{"line":187,"column":63}},{"start":{"line":187,"column":4},"end":{"line":187,"column":63}}],"line":187},"6":{"loc":{"start":{"line":205,"column":4},"end":{"line":205,"column":63}},"type":"if","locations":[{"start":{"line":205,"column":4},"end":{"line":205,"column":63}},{"start":{"line":205,"column":4},"end":{"line":205,"column":63}}],"line":205}},"s":{"0":5,"1":5,"2":5,"3":5,"4":5,"5":7,"6":7,"7":7,"8":4,"9":4,"10":3,"11":3,"12":4,"13":16,"14":16,"15":1,"16":15,"17":15,"18":15,"19":15,"20":3,"21":2,"22":5,"23":5,"24":5,"25":2,"26":3,"27":8,"28":2,"29":8,"30":7,"31":7,"32":7,"33":7,"34":7,"35":2,"36":5,"37":5,"38":5,"39":5,"40":5,"41":2,"42":5},"f":{"0":7,"1":16,"2":3,"3":5,"4":8,"5":5},"b":{"0":[4,3],"1":[3,1],"2":[1,15],"3":[2,3],"4":[2,6],"5":[2,5],"6":[2,3]},"_coverageSchema":"1a1c01bbd47fc00a2c39e90264f33305004495a9","hash":"ba9eee42867a4ef78113f81d4097fcd0379073d5"}
,"/Users/lance/Documents/Lance/Rithm/Express/express-jobly/routes/_testCommon.js": {"path":"/Users/lance/Documents/Lance/Rithm/Express/express-jobly/routes/_testCommon.js","statementMap":{"0":{"start":{"line":3,"column":11},"end":{"line":3,"column":30}},"1":{"start":{"line":4,"column":13},"end":{"line":4,"column":38}},"2":{"start":{"line":5,"column":16},"end":{"line":5,"column":44}},"3":{"start":{"line":6,"column":24},"end":{"line":6,"column":52}},"4":{"start":{"line":10,"column":2},"end":{"line":10,"column":38}},"5":{"start":{"line":12,"column":2},"end":{"line":12,"column":42}},"6":{"start":{"line":14,"column":2},"end":{"line":21,"column":9}},"7":{"start":{"line":22,"column":2},"end":{"line":29,"column":9}},"8":{"start":{"line":30,"column":2},"end":{"line":37,"column":9}},"9":{"start":{"line":39,"column":2},"end":{"line":46,"column":5}},"10":{"start":{"line":47,"column":2},"end":{"line":54,"column":5}},"11":{"start":{"line":55,"column":2},"end":{"line":62,"column":5}},"12":{"start":{"line":66,"column":2},"end":{"line":66,"column":26}},"13":{"start":{"line":70,"column":2},"end":{"line":70,"column":29}},"14":{"start":{"line":74,"column":2},"end":{"line":74,"column":17}},"15":{"start":{"line":78,"column":16},"end":{"line":78,"column":62}},"16":{"start":{"line":79,"column":16},"end":{"line":79,"column":63}},"17":{"start":{"line":83,"column":0},"end":{"line":90,"column":2}}},"fnMap":{"0":{"name":"commonBeforeAll","decl":{"start":{"line":8,"column":15},"end":{"line":8,"column":30}},"loc":{"start":{"line":8,"column":33},"end":{"line":63,"column":1}},"line":8},"1":{"name":"commonBeforeEach","decl":{"start":{"line":65,"column":15},"end":{"line":65,"column":31}},"loc":{"start":{"line":65,"column":34},"end":{"line":67,"column":1}},"line":65},"2":{"name":"commonAfterEach","decl":{"start":{"line":69,"column":15},"end":{"line":69,"column":30}},"loc":{"start":{"line":69,"column":33},"end":{"line":71,"column":1}},"line":69},"3":{"name":"commonAfterAll","decl":{"start":{"line":73,"column":15},"end":{"line":73,"column":29}},"loc":{"start":{"line":73,"column":32},"end":{"line":75,"column":1}},"line":73}},"branchMap":{},"s":{"0":3,"1":3,"2":3,"3":3,"4":3,"5":3,"6":3,"7":3,"8":3,"9":3,"10":3,"11":3,"12":56,"13":56,"14":3,"15":3,"16":3,"17":3},"f":{"0":3,"1":56,"2":56,"3":3},"b":{},"_coverageSchema":"1a1c01bbd47fc00a2c39e90264f33305004495a9","hash":"443e53cd434a6abcb3a053900d431bd1a27a8bcc"}
,"/Users/lance/Documents/Lance/Rithm/Express/express-jobly/routes/auth.js": {"path":"/Users/lance/Documents/Lance/Rithm/Express/express-jobly/routes/auth.js","statementMap":{"0":{"start":{"line":5,"column":19},"end":{"line":5,"column":40}},"1":{"start":{"line":7,"column":13},"end":{"line":7,"column":38}},"2":{"start":{"line":8,"column":16},"end":{"line":8,"column":34}},"3":{"start":{"line":9,"column":15},"end":{"line":9,"column":35}},"4":{"start":{"line":10,"column":24},"end":{"line":10,"column":52}},"5":{"start":{"line":11,"column":23},"end":{"line":11,"column":58}},"6":{"start":{"line":12,"column":27},"end":{"line":12,"column":66}},"7":{"start":{"line":13,"column":28},"end":{"line":13,"column":54}},"8":{"start":{"line":22,"column":0},"end":{"line":33,"column":3}},"9":{"start":{"line":23,"column":20},"end":{"line":23,"column":65}},"10":{"start":{"line":24,"column":2},"end":{"line":27,"column":3}},"11":{"start":{"line":25,"column":17},"end":{"line":25,"column":51}},"12":{"start":{"line":25,"column":43},"end":{"line":25,"column":50}},"13":{"start":{"line":26,"column":4},"end":{"line":26,"column":36}},"14":{"start":{"line":29,"column":33},"end":{"line":29,"column":41}},"15":{"start":{"line":30,"column":15},"end":{"line":30,"column":58}},"16":{"start":{"line":31,"column":16},"end":{"line":31,"column":33}},"17":{"start":{"line":32,"column":2},"end":{"line":32,"column":29}},"18":{"start":{"line":45,"column":0},"end":{"line":55,"column":3}},"19":{"start":{"line":46,"column":20},"end":{"line":46,"column":69}},"20":{"start":{"line":47,"column":2},"end":{"line":50,"column":3}},"21":{"start":{"line":48,"column":17},"end":{"line":48,"column":51}},"22":{"start":{"line":48,"column":43},"end":{"line":48,"column":50}},"23":{"start":{"line":49,"column":4},"end":{"line":49,"column":36}},"24":{"start":{"line":52,"column":18},"end":{"line":52,"column":70}},"25":{"start":{"line":53,"column":16},"end":{"line":53,"column":36}},"26":{"start":{"line":54,"column":2},"end":{"line":54,"column":41}},"27":{"start":{"line":58,"column":0},"end":{"line":58,"column":24}}},"fnMap":{"0":{"name":"(anonymous_0)","decl":{"start":{"line":22,"column":22},"end":{"line":22,"column":23}},"loc":{"start":{"line":22,"column":54},"end":{"line":33,"column":1}},"line":22},"1":{"name":"(anonymous_1)","decl":{"start":{"line":25,"column":38},"end":{"line":25,"column":39}},"loc":{"start":{"line":25,"column":43},"end":{"line":25,"column":50}},"line":25},"2":{"name":"(anonymous_2)","decl":{"start":{"line":45,"column":25},"end":{"line":45,"column":26}},"loc":{"start":{"line":45,"column":57},"end":{"line":55,"column":1}},"line":45},"3":{"name":"(anonymous_3)","decl":{"start":{"line":48,"column":38},"end":{"line":48,"column":39}},"loc":{"start":{"line":48,"column":43},"end":{"line":48,"column":50}},"line":48}},"branchMap":{"0":{"loc":{"start":{"line":24,"column":2},"end":{"line":27,"column":3}},"type":"if","locations":[{"start":{"line":24,"column":2},"end":{"line":27,"column":3}},{"start":{"line":24,"column":2},"end":{"line":27,"column":3}}],"line":24},"1":{"loc":{"start":{"line":47,"column":2},"end":{"line":50,"column":3}},"type":"if","locations":[{"start":{"line":47,"column":2},"end":{"line":50,"column":3}},{"start":{"line":47,"column":2},"end":{"line":50,"column":3}}],"line":47}},"s":{"0":4,"1":4,"2":4,"3":4,"4":4,"5":4,"6":4,"7":4,"8":4,"9":5,"10":5,"11":2,"12":2,"13":2,"14":3,"15":3,"16":1,"17":1,"18":4,"19":3,"20":3,"21":2,"22":5,"23":2,"24":1,"25":1,"26":1,"27":4},"f":{"0":5,"1":2,"2":3,"3":5},"b":{"0":[2,3],"1":[2,1]},"_coverageSchema":"1a1c01bbd47fc00a2c39e90264f33305004495a9","hash":"87d750eb3623f653f435b4cf68783dae6945638c"}
,"/Users/lance/Documents/Lance/Rithm/Express/express-jobly/routes/companies.js": {"path":"/Users/lance/Documents/Lance/Rithm/Express/express-jobly/routes/companies.js","statementMap":{"0":{"start":{"line":5,"column":19},"end":{"line":5,"column":40}},"1":{"start":{"line":6,"column":16},"end":{"line":6,"column":34}},"2":{"start":{"line":8,"column":28},"end":{"line":8,"column":54}},"3":{"start":{"line":9,"column":40},"end":{"line":9,"column":69}},"4":{"start":{"line":10,"column":16},"end":{"line":10,"column":44}},"5":{"start":{"line":12,"column":22},"end":{"line":12,"column":62}},"6":{"start":{"line":13,"column":25},"end":{"line":13,"column":62}},"7":{"start":{"line":14,"column":28},"end":{"line":14,"column":68}},"8":{"start":{"line":16,"column":15},"end":{"line":16,"column":35}},"9":{"start":{"line":28,"column":0},"end":{"line":37,"column":3}},"10":{"start":{"line":29,"column":20},"end":{"line":29,"column":67}},"11":{"start":{"line":30,"column":2},"end":{"line":33,"column":3}},"12":{"start":{"line":31,"column":17},"end":{"line":31,"column":53}},"13":{"start":{"line":31,"column":45},"end":{"line":31,"column":52}},"14":{"start":{"line":32,"column":4},"end":{"line":32,"column":36}},"15":{"start":{"line":35,"column":18},"end":{"line":35,"column":48}},"16":{"start":{"line":36,"column":2},"end":{"line":36,"column":43}},"17":{"start":{"line":50,"column":0},"end":{"line":72,"column":3}},"18":{"start":{"line":53,"column":16},"end":{"line":53,"column":32}},"19":{"start":{"line":55,"column":2},"end":{"line":57,"column":3}},"20":{"start":{"line":56,"column":4},"end":{"line":56,"column":52}},"21":{"start":{"line":59,"column":2},"end":{"line":61,"column":3}},"22":{"start":{"line":60,"column":4},"end":{"line":60,"column":52}},"23":{"start":{"line":63,"column":20},"end":{"line":63,"column":61}},"24":{"start":{"line":65,"column":2},"end":{"line":68,"column":3}},"25":{"start":{"line":66,"column":17},"end":{"line":66,"column":53}},"26":{"start":{"line":66,"column":45},"end":{"line":66,"column":52}},"27":{"start":{"line":67,"column":4},"end":{"line":67,"column":36}},"28":{"start":{"line":69,"column":19},"end":{"line":69,"column":24}},"29":{"start":{"line":70,"column":20},"end":{"line":70,"column":51}},"30":{"start":{"line":71,"column":2},"end":{"line":71,"column":33}},"31":{"start":{"line":82,"column":0},"end":{"line":85,"column":3}},"32":{"start":{"line":83,"column":18},"end":{"line":83,"column":54}},"33":{"start":{"line":84,"column":2},"end":{"line":84,"column":31}},"34":{"start":{"line":98,"column":0},"end":{"line":107,"column":3}},"35":{"start":{"line":99,"column":20},"end":{"line":99,"column":70}},"36":{"start":{"line":100,"column":2},"end":{"line":103,"column":3}},"37":{"start":{"line":101,"column":17},"end":{"line":101,"column":53}},"38":{"start":{"line":101,"column":45},"end":{"line":101,"column":52}},"39":{"start":{"line":102,"column":4},"end":{"line":102,"column":36}},"40":{"start":{"line":105,"column":18},"end":{"line":105,"column":67}},"41":{"start":{"line":106,"column":2},"end":{"line":106,"column":31}},"42":{"start":{"line":114,"column":0},"end":{"line":117,"column":3}},"43":{"start":{"line":115,"column":2},"end":{"line":115,"column":42}},"44":{"start":{"line":116,"column":2},"end":{"line":116,"column":50}},"45":{"start":{"line":119,"column":0},"end":{"line":119,"column":24}}},"fnMap":{"0":{"name":"(anonymous_0)","decl":{"start":{"line":28,"column":46},"end":{"line":28,"column":47}},"loc":{"start":{"line":28,"column":78},"end":{"line":37,"column":1}},"line":28},"1":{"name":"(anonymous_1)","decl":{"start":{"line":31,"column":38},"end":{"line":31,"column":39}},"loc":{"start":{"line":31,"column":45},"end":{"line":31,"column":52}},"line":31},"2":{"name":"(anonymous_2)","decl":{"start":{"line":50,"column":16},"end":{"line":50,"column":17}},"loc":{"start":{"line":50,"column":48},"end":{"line":72,"column":1}},"line":50},"3":{"name":"(anonymous_3)","decl":{"start":{"line":66,"column":38},"end":{"line":66,"column":39}},"loc":{"start":{"line":66,"column":45},"end":{"line":66,"column":52}},"line":66},"4":{"name":"(anonymous_4)","decl":{"start":{"line":82,"column":23},"end":{"line":82,"column":24}},"loc":{"start":{"line":82,"column":55},"end":{"line":85,"column":1}},"line":82},"5":{"name":"(anonymous_5)","decl":{"start":{"line":98,"column":54},"end":{"line":98,"column":55}},"loc":{"start":{"line":98,"column":86},"end":{"line":107,"column":1}},"line":98},"6":{"name":"(anonymous_6)","decl":{"start":{"line":101,"column":38},"end":{"line":101,"column":39}},"loc":{"start":{"line":101,"column":45},"end":{"line":101,"column":52}},"line":101},"7":{"name":"(anonymous_7)","decl":{"start":{"line":114,"column":55},"end":{"line":114,"column":56}},"loc":{"start":{"line":114,"column":87},"end":{"line":117,"column":1}},"line":114}},"branchMap":{"0":{"loc":{"start":{"line":30,"column":2},"end":{"line":33,"column":3}},"type":"if","locations":[{"start":{"line":30,"column":2},"end":{"line":33,"column":3}},{"start":{"line":30,"column":2},"end":{"line":33,"column":3}}],"line":30},"1":{"loc":{"start":{"line":55,"column":2},"end":{"line":57,"column":3}},"type":"if","locations":[{"start":{"line":55,"column":2},"end":{"line":57,"column":3}},{"start":{"line":55,"column":2},"end":{"line":57,"column":3}}],"line":55},"2":{"loc":{"start":{"line":59,"column":2},"end":{"line":61,"column":3}},"type":"if","locations":[{"start":{"line":59,"column":2},"end":{"line":61,"column":3}},{"start":{"line":59,"column":2},"end":{"line":61,"column":3}}],"line":59},"3":{"loc":{"start":{"line":65,"column":2},"end":{"line":68,"column":3}},"type":"if","locations":[{"start":{"line":65,"column":2},"end":{"line":68,"column":3}},{"start":{"line":65,"column":2},"end":{"line":68,"column":3}}],"line":65},"4":{"loc":{"start":{"line":100,"column":2},"end":{"line":103,"column":3}},"type":"if","locations":[{"start":{"line":100,"column":2},"end":{"line":103,"column":3}},{"start":{"line":100,"column":2},"end":{"line":103,"column":3}}],"line":100}},"s":{"0":4,"1":4,"2":4,"3":4,"4":4,"5":4,"6":4,"7":4,"8":4,"9":4,"10":3,"11":3,"12":2,"13":3,"14":2,"15":1,"16":1,"17":4,"18":4,"19":4,"20":2,"21":4,"22":1,"23":4,"24":4,"25":1,"26":1,"27":1,"28":3,"29":3,"30":2,"31":4,"32":3,"33":2,"34":4,"35":4,"36":4,"37":2,"38":2,"39":2,"40":2,"41":1,"42":4,"43":2,"44":1,"45":4},"f":{"0":3,"1":3,"2":4,"3":1,"4":3,"5":4,"6":2,"7":2},"b":{"0":[2,1],"1":[2,2],"2":[1,3],"3":[1,3],"4":[2,2]},"_coverageSchema":"1a1c01bbd47fc00a2c39e90264f33305004495a9","hash":"78bf6594582b2ec079b22597b896e7068bea7905"}
,"/Users/lance/Documents/Lance/Rithm/Express/express-jobly/routes/jobs.js": {"path":"/Users/lance/Documents/Lance/Rithm/Express/express-jobly/routes/jobs.js","statementMap":{"0":{"start":{"line":5,"column":19},"end":{"line":5,"column":40}},"1":{"start":{"line":7,"column":16},"end":{"line":7,"column":34}},"2":{"start":{"line":8,"column":66},"end":{"line":8,"column":95}},"3":{"start":{"line":9,"column":28},"end":{"line":9,"column":54}},"4":{"start":{"line":10,"column":12},"end":{"line":10,"column":36}},"5":{"start":{"line":12,"column":21},"end":{"line":12,"column":54}},"6":{"start":{"line":13,"column":24},"end":{"line":13,"column":60}},"7":{"start":{"line":15,"column":15},"end":{"line":15,"column":31}},"8":{"start":{"line":23,"column":0},"end":{"line":33,"column":3}},"9":{"start":{"line":24,"column":18},"end":{"line":24,"column":61}},"10":{"start":{"line":25,"column":2},"end":{"line":28,"column":3}},"11":{"start":{"line":26,"column":17},"end":{"line":26,"column":51}},"12":{"start":{"line":26,"column":43},"end":{"line":26,"column":50}},"13":{"start":{"line":27,"column":4},"end":{"line":27,"column":36}},"14":{"start":{"line":30,"column":14},"end":{"line":30,"column":40}},"15":{"start":{"line":31,"column":2},"end":{"line":32,"column":18}},"16":{"start":{"line":39,"column":0},"end":{"line":42,"column":3}},"17":{"start":{"line":40,"column":15},"end":{"line":40,"column":34}},"18":{"start":{"line":41,"column":2},"end":{"line":41,"column":28}},"19":{"start":{"line":53,"column":0},"end":{"line":56,"column":3}},"20":{"start":{"line":54,"column":14},"end":{"line":54,"column":42}},"21":{"start":{"line":55,"column":2},"end":{"line":55,"column":27}},"22":{"start":{"line":70,"column":0},"end":{"line":79,"column":3}},"23":{"start":{"line":71,"column":18},"end":{"line":71,"column":63}},"24":{"start":{"line":72,"column":2},"end":{"line":75,"column":3}},"25":{"start":{"line":73,"column":17},"end":{"line":73,"column":51}},"26":{"start":{"line":73,"column":43},"end":{"line":73,"column":50}},"27":{"start":{"line":74,"column":4},"end":{"line":74,"column":36}},"28":{"start":{"line":77,"column":14},"end":{"line":77,"column":55}},"29":{"start":{"line":78,"column":2},"end":{"line":78,"column":27}},"30":{"start":{"line":88,"column":0},"end":{"line":91,"column":3}},"31":{"start":{"line":89,"column":2},"end":{"line":89,"column":34}},"32":{"start":{"line":90,"column":2},"end":{"line":90,"column":45}},"33":{"start":{"line":94,"column":0},"end":{"line":94,"column":24}}},"fnMap":{"0":{"name":"(anonymous_0)","decl":{"start":{"line":23,"column":46},"end":{"line":23,"column":47}},"loc":{"start":{"line":23,"column":78},"end":{"line":33,"column":1}},"line":23},"1":{"name":"(anonymous_1)","decl":{"start":{"line":26,"column":38},"end":{"line":26,"column":39}},"loc":{"start":{"line":26,"column":43},"end":{"line":26,"column":50}},"line":26},"2":{"name":"(anonymous_2)","decl":{"start":{"line":39,"column":16},"end":{"line":39,"column":17}},"loc":{"start":{"line":39,"column":48},"end":{"line":42,"column":1}},"line":39},"3":{"name":"(anonymous_3)","decl":{"start":{"line":53,"column":19},"end":{"line":53,"column":20}},"loc":{"start":{"line":53,"column":51},"end":{"line":56,"column":1}},"line":53},"4":{"name":"(anonymous_4)","decl":{"start":{"line":70,"column":50},"end":{"line":70,"column":51}},"loc":{"start":{"line":70,"column":82},"end":{"line":79,"column":1}},"line":70},"5":{"name":"(anonymous_5)","decl":{"start":{"line":73,"column":38},"end":{"line":73,"column":39}},"loc":{"start":{"line":73,"column":43},"end":{"line":73,"column":50}},"line":73},"6":{"name":"(anonymous_6)","decl":{"start":{"line":88,"column":51},"end":{"line":88,"column":52}},"loc":{"start":{"line":88,"column":83},"end":{"line":91,"column":1}},"line":88}},"branchMap":{"0":{"loc":{"start":{"line":25,"column":2},"end":{"line":28,"column":3}},"type":"if","locations":[{"start":{"line":25,"column":2},"end":{"line":28,"column":3}},{"start":{"line":25,"column":2},"end":{"line":28,"column":3}}],"line":25},"1":{"loc":{"start":{"line":72,"column":2},"end":{"line":75,"column":3}},"type":"if","locations":[{"start":{"line":72,"column":2},"end":{"line":75,"column":3}},{"start":{"line":72,"column":2},"end":{"line":75,"column":3}}],"line":72}},"s":{"0":4,"1":4,"2":4,"3":4,"4":4,"5":4,"6":4,"7":4,"8":4,"9":0,"10":0,"11":0,"12":0,"13":0,"14":0,"15":0,"16":4,"17":0,"18":0,"19":4,"20":0,"21":0,"22":4,"23":0,"24":0,"25":0,"26":0,"27":0,"28":0,"29":0,"30":4,"31":0,"32":0,"33":4},"f":{"0":0,"1":0,"2":0,"3":0,"4":0,"5":0,"6":0},"b":{"0":[0,0],"1":[0,0]},"_coverageSchema":"1a1c01bbd47fc00a2c39e90264f33305004495a9","hash":"1eda83dc42872e63f0df1cb2fb64f5aeff556a3b"}
,"/Users/lance/Documents/Lance/Rithm/Express/express-jobly/routes/users.js": {"path":"/Users/lance/Documents/Lance/Rithm/Express/express-jobly/routes/users.js","statementMap":{"0":{"start":{"line":5,"column":19},"end":{"line":5,"column":40}},"1":{"start":{"line":7,"column":16},"end":{"line":7,"column":34}},"2":{"start":{"line":8,"column":66},"end":{"line":8,"column":95}},"3":{"start":{"line":9,"column":28},"end":{"line":9,"column":54}},"4":{"start":{"line":10,"column":13},"end":{"line":10,"column":38}},"5":{"start":{"line":11,"column":24},"end":{"line":11,"column":52}},"6":{"start":{"line":12,"column":22},"end":{"line":12,"column":56}},"7":{"start":{"line":13,"column":25},"end":{"line":13,"column":62}},"8":{"start":{"line":15,"column":15},"end":{"line":15,"column":31}},"9":{"start":{"line":30,"column":0},"end":{"line":40,"column":3}},"10":{"start":{"line":31,"column":20},"end":{"line":31,"column":64}},"11":{"start":{"line":32,"column":2},"end":{"line":35,"column":3}},"12":{"start":{"line":33,"column":17},"end":{"line":33,"column":51}},"13":{"start":{"line":33,"column":43},"end":{"line":33,"column":50}},"14":{"start":{"line":34,"column":4},"end":{"line":34,"column":36}},"15":{"start":{"line":37,"column":15},"end":{"line":37,"column":44}},"16":{"start":{"line":38,"column":16},"end":{"line":38,"column":33}},"17":{"start":{"line":39,"column":2},"end":{"line":39,"column":47}},"18":{"start":{"line":50,"column":0},"end":{"line":53,"column":3}},"19":{"start":{"line":51,"column":16},"end":{"line":51,"column":36}},"20":{"start":{"line":52,"column":2},"end":{"line":52,"column":29}},"21":{"start":{"line":63,"column":0},"end":{"line":66,"column":3}},"22":{"start":{"line":64,"column":15},"end":{"line":64,"column":50}},"23":{"start":{"line":65,"column":2},"end":{"line":65,"column":28}},"24":{"start":{"line":79,"column":0},"end":{"line":88,"column":3}},"25":{"start":{"line":80,"column":20},"end":{"line":80,"column":67}},"26":{"start":{"line":81,"column":2},"end":{"line":84,"column":3}},"27":{"start":{"line":82,"column":17},"end":{"line":82,"column":51}},"28":{"start":{"line":82,"column":43},"end":{"line":82,"column":50}},"29":{"start":{"line":83,"column":4},"end":{"line":83,"column":36}},"30":{"start":{"line":86,"column":15},"end":{"line":86,"column":63}},"31":{"start":{"line":87,"column":2},"end":{"line":87,"column":28}},"32":{"start":{"line":96,"column":0},"end":{"line":99,"column":3}},"33":{"start":{"line":97,"column":2},"end":{"line":97,"column":41}},"34":{"start":{"line":98,"column":2},"end":{"line":98,"column":52}},"35":{"start":{"line":102,"column":0},"end":{"line":102,"column":24}}},"fnMap":{"0":{"name":"(anonymous_0)","decl":{"start":{"line":30,"column":46},"end":{"line":30,"column":47}},"loc":{"start":{"line":30,"column":78},"end":{"line":40,"column":1}},"line":30},"1":{"name":"(anonymous_1)","decl":{"start":{"line":33,"column":38},"end":{"line":33,"column":39}},"loc":{"start":{"line":33,"column":43},"end":{"line":33,"column":50}},"line":33},"2":{"name":"(anonymous_2)","decl":{"start":{"line":50,"column":45},"end":{"line":50,"column":46}},"loc":{"start":{"line":50,"column":77},"end":{"line":53,"column":1}},"line":50},"3":{"name":"(anonymous_3)","decl":{"start":{"line":63,"column":67},"end":{"line":63,"column":68}},"loc":{"start":{"line":63,"column":99},"end":{"line":66,"column":1}},"line":63},"4":{"name":"(anonymous_4)","decl":{"start":{"line":79,"column":69},"end":{"line":79,"column":70}},"loc":{"start":{"line":79,"column":101},"end":{"line":88,"column":1}},"line":79},"5":{"name":"(anonymous_5)","decl":{"start":{"line":82,"column":38},"end":{"line":82,"column":39}},"loc":{"start":{"line":82,"column":43},"end":{"line":82,"column":50}},"line":82},"6":{"name":"(anonymous_6)","decl":{"start":{"line":96,"column":70},"end":{"line":96,"column":71}},"loc":{"start":{"line":96,"column":102},"end":{"line":99,"column":1}},"line":96}},"branchMap":{"0":{"loc":{"start":{"line":32,"column":2},"end":{"line":35,"column":3}},"type":"if","locations":[{"start":{"line":32,"column":2},"end":{"line":35,"column":3}},{"start":{"line":32,"column":2},"end":{"line":35,"column":3}}],"line":32},"1":{"loc":{"start":{"line":81,"column":2},"end":{"line":84,"column":3}},"type":"if","locations":[{"start":{"line":81,"column":2},"end":{"line":84,"column":3}},{"start":{"line":81,"column":2},"end":{"line":84,"column":3}}],"line":81}},"s":{"0":4,"1":4,"2":4,"3":4,"4":4,"5":4,"6":4,"7":4,"8":4,"9":4,"10":4,"11":4,"12":2,"13":5,"14":2,"15":2,"16":2,"17":2,"18":4,"19":2,"20":1,"21":4,"22":3,"23":2,"24":4,"25":5,"26":5,"27":1,"28":1,"29":1,"30":4,"31":3,"32":4,"33":3,"34":2,"35":4},"f":{"0":4,"1":5,"2":2,"3":3,"4":5,"5":1,"6":3},"b":{"0":[2,2],"1":[1,4]},"_coverageSchema":"1a1c01bbd47fc00a2c39e90264f33305004495a9","hash":"2973b40c5b9205c2a9f1954e3fd249b2ffc50523"}
}
