TN:
SF:app.js
FN:30,(anonymous_0)
FN:35,(anonymous_1)
FNF:2
FNH:2
FNDA:2,(anonymous_0)
FNDA:39,(anonymous_1)
DA:5,4
DA:6,4
DA:8,4
DA:10,4
DA:11,4
DA:12,4
DA:13,4
DA:15,4
DA:17,4
DA:19,4
DA:20,4
DA:21,4
DA:22,4
DA:24,4
DA:25,4
DA:26,4
DA:30,4
DA:31,2
DA:35,4
DA:36,39
DA:37,39
DA:38,39
DA:40,39
DA:45,4
LF:24
LH:24
BRDA:36,0,0,1
BRDA:36,0,1,38
BRDA:37,1,0,39
BRDA:37,1,1,2
BRF:4
BRH:4
end_of_record
TN:
SF:config.js
FN:13,getDatabaseUri
FNF:1
FNH:1
FNDA:20,getDatabaseUri
DA:5,10
DA:6,10
DA:8,10
DA:10,10
DA:14,20
DA:22,10
DA:24,10
DA:25,10
DA:26,10
DA:27,10
DA:28,10
DA:29,10
DA:31,10
LF:13
LH:13
BRDA:8,0,0,10
BRDA:8,0,1,9
BRDA:10,1,0,10
BRDA:10,1,1,9
BRDA:14,2,0,17
BRDA:14,2,1,3
BRDA:16,3,0,3
BRDA:16,3,1,1
BRDA:22,4,0,9
BRDA:22,4,1,1
BRF:10
BRH:10
end_of_record
TN:
SF:db.js
FNF:0
FNH:0
DA:5,7
DA:6,7
DA:8,7
DA:12,7
DA:14,7
LF:5
LH:5
BRF:0
BRH:0
end_of_record
TN:
SF:expressError.js
FN:8,(anonymous_0)
FN:18,(anonymous_1)
FN:26,(anonymous_2)
FN:34,(anonymous_3)
FNF:4
FNH:4
FNDA:58,(anonymous_0)
FNDA:17,(anonymous_1)
FNDA:20,(anonymous_2)
FNDA:21,(anonymous_3)
DA:9,58
DA:10,58
DA:11,58
DA:19,17
DA:27,20
DA:35,21
DA:47,9
LF:7
LH:7
BRDA:18,0,0,2
BRDA:26,1,0,16
BRDA:34,2,0,0
BRF:3
BRH:2
end_of_record
TN:
SF:helpers/sql.js
FN:18,sqlForPartialUpdate
FN:23,(anonymous_1)
FNF:2
FNH:2
FNDA:19,sqlForPartialUpdate
FNDA:32,(anonymous_1)
DA:1,8
DA:19,19
DA:20,19
DA:23,15
DA:24,32
DA:27,15
DA:33,8
LF:7
LH:7
BRDA:20,0,0,4
BRDA:20,0,1,15
BRDA:24,1,0,32
BRDA:24,1,1,18
BRF:4
BRH:4
end_of_record
TN:
SF:helpers/tokens.js
FN:6,createToken
FNF:1
FNH:1
FNDA:13,createToken
DA:1,5
DA:2,5
DA:7,13
DA:10,13
DA:15,13
DA:18,5
LF:6
LH:6
BRDA:12,0,0,13
BRDA:12,0,1,7
BRF:2
BRH:2
end_of_record
TN:
SF:middleware/auth.js
FN:18,authenticateJWT
FN:36,ensureLoggedIn
FN:50,ensureAdmin
FN:65,ensureCorrectUserOrAdmin
FNF:4
FNH:4
FNDA:61,authenticateJWT
FNDA:43,ensureLoggedIn
FNDA:20,ensureAdmin
FNDA:14,ensureCorrectUserOrAdmin
DA:5,5
DA:6,5
DA:7,5
DA:19,61
DA:20,61
DA:21,61
DA:22,37
DA:23,37
DA:25,60
DA:27,1
DA:37,43
DA:38,43
DA:39,35
DA:41,8
DA:51,20
DA:52,20
DA:53,15
DA:55,5
DA:66,14
DA:67,14
DA:69,3
DA:71,11
DA:73,3
DA:77,5
LF:24
LH:24
BRDA:20,0,0,61
BRDA:20,0,1,60
BRDA:21,1,0,37
BRDA:21,1,1,24
BRDA:38,2,0,8
BRDA:38,2,1,35
BRDA:52,3,0,5
BRDA:52,3,1,15
BRDA:67,4,0,3
BRDA:67,4,1,11
BRDA:67,5,0,14
BRDA:67,5,1,6
BRF:12
BRH:12
end_of_record
TN:
SF:models/_testCommon.js
FN:6,commonBeforeAll
FN:44,commonBeforeEach
FN:48,commonAfterEach
FN:52,commonAfterAll
FNF:4
FNH:4
FNDA:3,commonBeforeAll
FNDA:47,commonBeforeEach
FNDA:47,commonAfterEach
FNDA:3,commonAfterAll
DA:1,3
DA:3,3
DA:4,3
DA:8,3
DA:10,3
DA:12,3
DA:18,3
DA:32,3
DA:45,47
DA:49,47
DA:53,3
DA:57,3
LF:12
LH:12
BRF:0
BRH:0
end_of_record
TN:
SF:models/company.js
FN:20,(anonymous_0)
FN:62,(anonymous_1)
FN:108,(anonymous_2)
FN:148,(anonymous_3)
FN:179,(anonymous_4)
FN:204,(anonymous_5)
FNF:6
FNH:6
FNDA:13,(anonymous_0)
FNDA:9,(anonymous_1)
FNDA:6,(anonymous_2)
FNDA:5,(anonymous_3)
FNDA:6,(anonymous_4)
FNDA:4,(anonymous_5)
DA:3,5
DA:4,5
DA:5,5
DA:6,5
DA:21,13
DA:28,13
DA:29,1
DA:31,12
DA:43,12
DA:45,12
DA:64,9
DA:68,5
DA:71,8
DA:77,8
DA:78,8
DA:80,8
DA:81,4
DA:83,4
DA:93,8
DA:95,8
DA:97,7
DA:109,6
DA:110,6
DA:112,6
DA:113,1
DA:118,5
DA:119,5
DA:120,4
DA:121,4
DA:122,4
DA:124,5
DA:125,4
DA:126,4
DA:127,4
DA:129,5
DA:130,4
DA:131,4
DA:132,4
DA:135,5
DA:137,5
DA:149,5
DA:160,5
DA:162,5
DA:164,3
DA:180,6
DA:184,5
DA:186,5
DA:191,5
DA:192,5
DA:194,5
DA:196,3
DA:205,4
DA:212,4
DA:214,4
DA:218,5
LF:55
LH:55
BRDA:28,0,0,1
BRDA:28,0,1,12
BRDA:64,1,0,5
BRDA:64,1,1,4
BRDA:65,2,0,9
BRDA:65,2,1,8
BRDA:65,2,2,4
BRDA:65,2,3,4
BRDA:80,3,0,4
BRDA:80,3,1,4
BRDA:93,4,0,4
BRDA:93,4,1,4
BRDA:112,5,0,1
BRDA:112,5,1,5
BRDA:119,6,0,4
BRDA:119,6,1,1
BRDA:124,7,0,4
BRDA:124,7,1,1
BRDA:129,8,0,4
BRDA:129,8,1,1
BRDA:162,9,0,2
BRDA:162,9,1,3
BRDA:194,10,0,2
BRDA:194,10,1,3
BRDA:214,11,0,2
BRDA:214,11,1,2
BRF:26
BRH:26
end_of_record
TN:
SF:models/job.js
FN:18,(anonymous_0)
FN:55,(anonymous_1)
FN:77,(anonymous_2)
FN:108,(anonymous_3)
FN:137,(anonymous_4)
FNF:5
FNH:5
FNDA:2,(anonymous_0)
FNDA:1,(anonymous_1)
FNDA:2,(anonymous_2)
FNDA:4,(anonymous_3)
FNDA:2,(anonymous_4)
DA:3,1
DA:4,1
DA:5,1
DA:6,1
DA:20,2
DA:21,1
DA:24,1
DA:43,1
DA:45,1
DA:56,1
DA:65,1
DA:66,1
DA:78,2
DA:89,2
DA:90,2
DA:92,1
DA:110,4
DA:112,3
DA:113,2
DA:115,2
DA:124,2
DA:125,2
DA:126,1
DA:138,2
DA:145,2
DA:146,2
DA:151,1
LF:27
LH:27
BRDA:20,0,0,1
BRDA:20,0,1,1
BRDA:20,1,0,2
BRDA:20,1,1,1
BRDA:90,2,0,1
BRDA:90,2,1,1
BRDA:110,3,0,1
BRDA:110,3,1,3
BRDA:110,4,0,4
BRDA:110,4,1,3
BRDA:125,5,0,1
BRDA:125,5,1,1
BRDA:146,6,0,1
BRDA:146,6,1,1
BRF:14
BRH:14
end_of_record
TN:
SF:models/user.js
FN:24,(anonymous_0)
FN:59,(anonymous_1)
FN:104,(anonymous_2)
FN:126,(anonymous_3)
FN:162,(anonymous_4)
FN:195,(anonymous_5)
FNF:6
FNH:6
FNDA:7,(anonymous_0)
FNDA:16,(anonymous_1)
FNDA:3,(anonymous_2)
FNDA:5,(anonymous_3)
FNDA:8,(anonymous_4)
FNDA:5,(anonymous_5)
DA:3,5
DA:4,5
DA:5,5
DA:10,5
DA:12,5
DA:26,7
DA:38,7
DA:40,7
DA:42,4
DA:43,4
DA:44,3
DA:45,3
DA:49,4
DA:61,16
DA:68,16
DA:69,1
DA:72,15
DA:74,15
DA:94,15
DA:96,15
DA:105,3
DA:115,2
DA:127,5
DA:138,5
DA:140,5
DA:142,3
DA:163,8
DA:164,2
DA:167,8
DA:174,7
DA:176,7
DA:184,7
DA:185,7
DA:187,7
DA:189,5
DA:190,5
DA:196,5
DA:203,5
DA:205,5
DA:210,5
LF:40
LH:40
BRDA:40,0,0,4
BRDA:40,0,1,3
BRDA:43,1,0,3
BRDA:43,1,1,1
BRDA:68,2,0,1
BRDA:68,2,1,15
BRDA:140,3,0,2
BRDA:140,3,1,3
BRDA:163,4,0,2
BRDA:163,4,1,6
BRDA:187,5,0,2
BRDA:187,5,1,5
BRDA:205,6,0,2
BRDA:205,6,1,3
BRF:14
BRH:14
end_of_record
TN:
SF:routes/_testCommon.js
FN:8,commonBeforeAll
FN:65,commonBeforeEach
FN:69,commonAfterEach
FN:73,commonAfterAll
FNF:4
FNH:4
FNDA:3,commonBeforeAll
FNDA:56,commonBeforeEach
FNDA:56,commonAfterEach
FNDA:3,commonAfterAll
DA:3,3
DA:4,3
DA:5,3
DA:6,3
DA:10,3
DA:12,3
DA:14,3
DA:22,3
DA:30,3
DA:39,3
DA:47,3
DA:55,3
DA:66,56
DA:70,56
DA:74,3
DA:78,3
DA:79,3
DA:83,3
LF:18
LH:18
BRF:0
BRH:0
end_of_record
TN:
SF:routes/auth.js
FN:22,(anonymous_0)
FN:25,(anonymous_1)
FN:45,(anonymous_2)
FN:48,(anonymous_3)
FNF:4
FNH:4
FNDA:5,(anonymous_0)
FNDA:2,(anonymous_1)
FNDA:3,(anonymous_2)
FNDA:5,(anonymous_3)
DA:5,4
DA:7,4
DA:8,4
DA:9,4
DA:10,4
DA:11,4
DA:12,4
DA:13,4
DA:22,4
DA:23,5
DA:24,5
DA:25,2
DA:26,2
DA:29,3
DA:30,3
DA:31,1
DA:32,1
DA:45,4
DA:46,3
DA:47,3
DA:48,5
DA:49,2
DA:52,1
DA:53,1
DA:54,1
DA:58,4
LF:26
LH:26
BRDA:24,0,0,2
BRDA:24,0,1,3
BRDA:47,1,0,2
BRDA:47,1,1,1
BRF:4
BRH:4
end_of_record
TN:
SF:routes/companies.js
FN:28,(anonymous_0)
FN:31,(anonymous_1)
FN:50,(anonymous_2)
FN:66,(anonymous_3)
FN:82,(anonymous_4)
FN:98,(anonymous_5)
FN:101,(anonymous_6)
FN:114,(anonymous_7)
FNF:8
FNH:8
FNDA:3,(anonymous_0)
FNDA:3,(anonymous_1)
FNDA:4,(anonymous_2)
FNDA:1,(anonymous_3)
FNDA:3,(anonymous_4)
FNDA:4,(anonymous_5)
FNDA:2,(anonymous_6)
FNDA:2,(anonymous_7)
DA:5,4
DA:6,4
DA:8,4
DA:9,4
DA:10,4
DA:12,4
DA:13,4
DA:14,4
DA:16,4
DA:28,4
DA:29,3
DA:30,3
DA:31,3
DA:32,2
DA:35,1
DA:36,1
DA:50,4
DA:53,4
DA:55,4
DA:56,2
DA:59,4
DA:60,1
DA:63,4
DA:65,4
DA:66,1
DA:67,1
DA:69,3
DA:70,3
DA:71,2
DA:82,4
DA:83,3
DA:84,2
DA:98,4
DA:99,4
DA:100,4
DA:101,2
DA:102,2
DA:105,2
DA:106,1
DA:114,4
DA:115,2
DA:116,1
DA:119,4
LF:43
LH:43
BRDA:30,0,0,2
BRDA:30,0,1,1
BRDA:55,1,0,2
BRDA:55,1,1,2
BRDA:59,2,0,1
BRDA:59,2,1,3
BRDA:65,3,0,1
BRDA:65,3,1,3
BRDA:100,4,0,2
BRDA:100,4,1,2
BRF:10
BRH:10
end_of_record
TN:
SF:routes/users.js
FN:30,(anonymous_0)
FN:33,(anonymous_1)
FN:50,(anonymous_2)
FN:63,(anonymous_3)
FN:79,(anonymous_4)
FN:82,(anonymous_5)
FN:96,(anonymous_6)
FNF:7
FNH:7
FNDA:4,(anonymous_0)
FNDA:5,(anonymous_1)
FNDA:2,(anonymous_2)
FNDA:3,(anonymous_3)
FNDA:5,(anonymous_4)
FNDA:1,(anonymous_5)
FNDA:3,(anonymous_6)
DA:5,4
DA:7,4
DA:8,4
DA:9,4
DA:10,4
DA:11,4
DA:12,4
DA:13,4
DA:15,4
DA:30,4
DA:31,4
DA:32,4
DA:33,5
DA:34,2
DA:37,2
DA:38,2
DA:39,2
DA:50,4
DA:51,2
DA:52,1
DA:63,4
DA:64,3
DA:65,2
DA:79,4
DA:80,5
DA:81,5
DA:82,1
DA:83,1
DA:86,4
DA:87,3
DA:96,4
DA:97,3
DA:98,2
DA:102,4
LF:34
LH:34
BRDA:32,0,0,2
BRDA:32,0,1,2
BRDA:81,1,0,1
BRDA:81,1,1,4
BRF:4
BRH:4
end_of_record
